# JRE version: Java(TM) SE Runtime Environment (8.0_91-b14) (build 1.8.0_91-b14)
# Java VM: Java HotSpot(TM) 64-Bit Server VM (25.91-b14 mixed mode windows-amd64 compressed oops)
Heap:
 PSYoungGen      total 15360K, used 9008K [0x00000000eb380000, 0x00000000eca80000, 0x0000000100000000)
  eden space 10240K, 87% used [0x00000000eb380000,0x00000000ebc4c180,0x00000000ebd80000)
  from space 5120K, 0% used [0x00000000ec580000,0x00000000ec580000,0x00000000eca80000)
  to   space 4096K, 0% used [0x00000000ebd80000,0x00000000ebd80000,0x00000000ec180000)
 ParOldGen       total 10240K, used 9813K [0x00000000c1a00000, 0x00000000c2400000, 0x00000000eb380000)
  object space 10240K, 95% used [0x00000000c1a00000,0x00000000c23955d8,0x00000000c2400000)
 Metaspace       used 9241K, capacity 9812K, committed 10112K, reserved 1058816K
  class space    used 1013K, capacity 1040K, committed 1152K, reserved 1048576K
GC Heap History (10 events):
Event: 3.263 GC heap before
{Heap before GC invocations=8 (full 1):
 PSYoungGen      total 7168K, used 1529K [0x00000000eb380000, 0x00000000ec580000, 0x0000000100000000)
  eden space 5632K, 0% used [0x00000000eb380000,0x00000000eb380000,0x00000000eb900000)
  from space 1536K, 99% used [0x00000000eb900000,0x00000000eba7e4e8,0x00000000eba80000)
  to   space 3584K, 0% used [0x00000000ec200000,0x00000000ec200000,0x00000000ec580000)
 ParOldGen       total 5632K, used 4399K [0x00000000c1a00000, 0x00000000c1f80000, 0x00000000eb380000)
  object space 5632K, 78% used [0x00000000c1a00000,0x00000000c1e4bcb0,0x00000000c1f80000)
 Metaspace       used 7459K, capacity 8308K, committed 8448K, reserved 1056768K
  class space    used 895K, capacity 944K, committed 1024K, reserved 1048576K
Event: 3.314 GC heap after
Heap after GC invocations=8 (full 1):
 PSYoungGen      total 7168K, used 504K [0x00000000eb380000, 0x00000000ec580000, 0x0000000100000000)
  eden space 5632K, 0% used [0x00000000eb380000,0x00000000eb380000,0x00000000eb900000)
  from space 1536K, 32% used [0x00000000eb900000,0x00000000eb97e310,0x00000000eba80000)
  to   space 3584K, 0% used [0x00000000ec200000,0x00000000ec200000,0x00000000ec580000)
 ParOldGen       total 10240K, used 5212K [0x00000000c1a00000, 0x00000000c2400000, 0x00000000eb380000)
  object space 10240K, 50% used [0x00000000c1a00000,0x00000000c1f17158,0x00000000c2400000)
 Metaspace       used 7459K, capacity 8308K, committed 8448K, reserved 1056768K
  class space    used 895K, capacity 944K, committed 1024K, reserved 1048576K
}
Event: 3.440 GC heap before
{Heap before GC invocations=9 (full 1):
 PSYoungGen      total 7168K, used 6136K [0x00000000eb380000, 0x00000000ec580000, 0x0000000100000000)
  eden space 5632K, 100% used [0x00000000eb380000,0x00000000eb900000,0x00000000eb900000)
  from space 1536K, 32% used [0x00000000eb900000,0x00000000eb97e310,0x00000000eba80000)
  to   space 3584K, 0% used [0x00000000ec200000,0x00000000ec200000,0x00000000ec580000)
 ParOldGen       total 10240K, used 5212K [0x00000000c1a00000, 0x00000000c2400000, 0x00000000eb380000)
  object space 10240K, 50% used [0x00000000c1a00000,0x00000000c1f17158,0x00000000c2400000)
 Metaspace       used 7544K, capacity 8372K, committed 8704K, reserved 1056768K
  class space    used 900K, capacity 944K, committed 1024K, reserved 1048576K
Event: 3.448 GC heap after
Heap after GC invocations=9 (full 1):
 PSYoungGen      total 12800K, used 3554K [0x00000000eb380000, 0x00000000ec580000, 0x0000000100000000)
  eden space 9216K, 0% used [0x00000000eb380000,0x00000000eb380000,0x00000000ebc80000)
  from space 3584K, 99% used [0x00000000ec200000,0x00000000ec578bb0,0x00000000ec580000)
  to   space 4096K, 0% used [0x00000000ebd80000,0x00000000ebd80000,0x00000000ec180000)
 ParOldGen       total 10240K, used 5236K [0x00000000c1a00000, 0x00000000c2400000, 0x00000000eb380000)
  object space 10240K, 51% used [0x00000000c1a00000,0x00000000c1f1d158,0x00000000c2400000)
 Metaspace       used 7544K, capacity 8372K, committed 8704K, reserved 1056768K
  class space    used 900K, capacity 944K, committed 1024K, reserved 1048576K
}
Event: 3.571 GC heap before
{Heap before GC invocations=10 (full 1):
 PSYoungGen      total 12800K, used 12770K [0x00000000eb380000, 0x00000000ec580000, 0x0000000100000000)
  eden space 9216K, 100% used [0x00000000eb380000,0x00000000ebc80000,0x00000000ebc80000)
  from space 3584K, 99% used [0x00000000ec200000,0x00000000ec578bb0,0x00000000ec580000)
  to   space 4096K, 0% used [0x00000000ebd80000,0x00000000ebd80000,0x00000000ec180000)
 ParOldGen       total 10240K, used 5236K [0x00000000c1a00000, 0x00000000c2400000, 0x00000000eb380000)
  object space 10240K, 51% used [0x00000000c1a00000,0x00000000c1f1d158,0x00000000c2400000)
 Metaspace       used 7758K, capacity 8564K, committed 8704K, reserved 1056768K
  class space    used 913K, capacity 944K, committed 1024K, reserved 1048576K
Event: 3.584 GC heap after
Heap after GC invocations=10 (full 1):
 PSYoungGen      total 14336K, used 4088K [0x00000000eb380000, 0x00000000eca80000, 0x0000000100000000)
  eden space 10240K, 0% used [0x00000000eb380000,0x00000000eb380000,0x00000000ebd80000)
  from space 4096K, 99% used [0x00000000ebd80000,0x00000000ec17e050,0x00000000ec180000)
  to   space 5120K, 0% used [0x00000000ec580000,0x00000000ec580000,0x00000000eca80000)
 ParOldGen       total 10240K, used 6142K [0x00000000c1a00000, 0x00000000c2400000, 0x00000000eb380000)
  object space 10240K, 59% used [0x00000000c1a00000,0x00000000c1fffac8,0x00000000c2400000)
 Metaspace       used 7758K, capacity 8564K, committed 8704K, reserved 1056768K
  class space    used 913K, capacity 944K, committed 1024K, reserved 1048576K
}
Event: 4.031 GC heap before
{Heap before GC invocations=11 (full 1):
 PSYoungGen      total 14336K, used 14328K [0x00000000eb380000, 0x00000000eca80000, 0x0000000100000000)
  eden space 10240K, 100% used [0x00000000eb380000,0x00000000ebd80000,0x00000000ebd80000)
  from space 4096K, 99% used [0x00000000ebd80000,0x00000000ec17e050,0x00000000ec180000)
  to   space 5120K, 0% used [0x00000000ec580000,0x00000000ec580000,0x00000000eca80000)
 ParOldGen       total 10240K, used 6142K [0x00000000c1a00000, 0x00000000c2400000, 0x00000000eb380000)
  object space 10240K, 59% used [0x00000000c1a00000,0x00000000c1fffac8,0x00000000c2400000)
 Metaspace       used 8819K, capacity 9492K, committed 9856K, reserved 1058816K
  class space    used 1008K, capacity 1040K, committed 1152K, reserved 1048576K
Event: 4.043 GC heap after
Heap after GC invocations=11 (full 1):
 PSYoungGen      total 15360K, used 3359K [0x00000000eb380000, 0x00000000eca80000, 0x0000000100000000)
  eden space 10240K, 0% used [0x00000000eb380000,0x00000000eb380000,0x00000000ebd80000)
  from space 5120K, 65% used [0x00000000ec580000,0x00000000ec8c7f80,0x00000000eca80000)
  to   space 4096K, 0% used [0x00000000ebd80000,0x00000000ebd80000,0x00000000ec180000)
 ParOldGen       total 10240K, used 8771K [0x00000000c1a00000, 0x00000000c2400000, 0x00000000eb380000)
  object space 10240K, 85% used [0x00000000c1a00000,0x00000000c2290e30,0x00000000c2400000)
 Metaspace       used 8819K, capacity 9492K, committed 9856K, reserved 1058816K
  class space    used 1008K, capacity 1040K, committed 1152K, reserved 1048576K
}
Event: 4.043 GC heap before
{Heap before GC invocations=12 (full 2):
 PSYoungGen      total 15360K, used 3359K [0x00000000eb380000, 0x00000000eca80000, 0x0000000100000000)
  eden space 10240K, 0% used [0x00000000eb380000,0x00000000eb380000,0x00000000ebd80000)
  from space 5120K, 65% used [0x00000000ec580000,0x00000000ec8c7f80,0x00000000eca80000)
  to   space 4096K, 0% used [0x00000000ebd80000,0x00000000ebd80000,0x00000000ec180000)
 ParOldGen       total 10240K, used 8771K [0x00000000c1a00000, 0x00000000c2400000, 0x00000000eb380000)
  object space 10240K, 85% used [0x00000000c1a00000,0x00000000c2290e30,0x00000000c2400000)
 Metaspace       used 8819K, capacity 9492K, committed 9856K, reserved 1058816K
  class space    used 1008K, capacity 1040K, committed 1152K, reserved 1048576K
Event: 4.108 GC heap after
Heap after GC invocations=12 (full 2):
 PSYoungGen      total 15360K, used 0K [0x00000000eb380000, 0x00000000eca80000, 0x0000000100000000)
  eden space 10240K, 0% used [0x00000000eb380000,0x00000000eb380000,0x00000000ebd80000)
  from space 5120K, 0% used [0x00000000ec580000,0x00000000ec580000,0x00000000eca80000)
  to   space 4096K, 0% used [0x00000000ebd80000,0x00000000ebd80000,0x00000000ec180000)
 ParOldGen       total 10240K, used 9813K [0x00000000c1a00000, 0x00000000c2400000, 0x00000000eb380000)
  object space 10240K, 95% used [0x00000000c1a00000,0x00000000c23955d8,0x00000000c2400000)
 Metaspace       used 8819K, capacity 9492K, committed 9856K, reserved 1058816K
  class space    used 1008K, capacity 1040K, committed 1152K, reserved 1048576K
}

