# JRE version: Java(TM) SE Runtime Environment (8.0_91-b14) (build 1.8.0_91-b14)
# Java VM: Java HotSpot(TM) 64-Bit Server VM (25.91-b14 mixed mode windows-amd64 compressed oops)
Heap:
 PSYoungGen      total 51712K, used 42768K [0x00000000eb380000, 0x00000000f4a00000, 0x0000000100000000)
  eden space 49152K, 87% used [0x00000000eb380000,0x00000000edd44150,0x00000000ee380000)
  from space 2560K, 0% used [0x00000000ee380000,0x00000000ee380000,0x00000000ee600000)
  to   space 40448K, 0% used [0x00000000f2280000,0x00000000f2280000,0x00000000f4a00000)
 ParOldGen       total 201728K, used 91844K [0x00000000c1a00000, 0x00000000cdf00000, 0x00000000eb380000)
  object space 201728K, 45% used [0x00000000c1a00000,0x00000000c73b1310,0x00000000cdf00000)
 Metaspace       used 14952K, capacity 15166K, committed 15488K, reserved 1062912K
  class space    used 1747K, capacity 1839K, committed 1920K, reserved 1048576K
GC Heap History (10 events):
Event: 4.847 GC heap before
{Heap before GC invocations=4 (full 1):
 PSYoungGen      total 35328K, used 32768K [0x00000000eb380000, 0x00000000ed880000, 0x0000000100000000)
  eden space 32768K, 100% used [0x00000000eb380000,0x00000000ed380000,0x00000000ed380000)
  from space 2560K, 0% used [0x00000000ed600000,0x00000000ed600000,0x00000000ed880000)
  to   space 2560K, 0% used [0x00000000ed380000,0x00000000ed380000,0x00000000ed600000)
 ParOldGen       total 83968K, used 24944K [0x00000000c1a00000, 0x00000000c6c00000, 0x00000000eb380000)
  object space 83968K, 29% used [0x00000000c1a00000,0x00000000c325c158,0x00000000c6c00000)
 Metaspace       used 10858K, capacity 11014K, committed 11264K, reserved 1058816K
  class space    used 1377K, capacity 1447K, committed 1536K, reserved 1048576K
Event: 4.862 GC heap after
Heap after GC invocations=4 (full 1):
 PSYoungGen      total 35328K, used 704K [0x00000000eb380000, 0x00000000ee880000, 0x0000000100000000)
  eden space 32768K, 0% used [0x00000000eb380000,0x00000000eb380000,0x00000000ed380000)
  from space 2560K, 27% used [0x00000000ed380000,0x00000000ed430000,0x00000000ed600000)
  to   space 2560K, 0% used [0x00000000ee600000,0x00000000ee600000,0x00000000ee880000)
 ParOldGen       total 83968K, used 72952K [0x00000000c1a00000, 0x00000000c6c00000, 0x00000000eb380000)
  object space 83968K, 86% used [0x00000000c1a00000,0x00000000c613e188,0x00000000c6c00000)
 Metaspace       used 10858K, capacity 11014K, committed 11264K, reserved 1058816K
  class space    used 1377K, capacity 1447K, committed 1536K, reserved 1048576K
}
Event: 4.862 GC heap before
{Heap before GC invocations=5 (full 2):
 PSYoungGen      total 35328K, used 704K [0x00000000eb380000, 0x00000000ee880000, 0x0000000100000000)
  eden space 32768K, 0% used [0x00000000eb380000,0x00000000eb380000,0x00000000ed380000)
  from space 2560K, 27% used [0x00000000ed380000,0x00000000ed430000,0x00000000ed600000)
  to   space 2560K, 0% used [0x00000000ee600000,0x00000000ee600000,0x00000000ee880000)
 ParOldGen       total 83968K, used 72952K [0x00000000c1a00000, 0x00000000c6c00000, 0x00000000eb380000)
  object space 83968K, 86% used [0x00000000c1a00000,0x00000000c613e188,0x00000000c6c00000)
 Metaspace       used 10858K, capacity 11014K, committed 11264K, reserved 1058816K
  class space    used 1377K, capacity 1447K, committed 1536K, reserved 1048576K
Event: 4.876 GC heap after
Heap after GC invocations=5 (full 2):
 PSYoungGen      total 35328K, used 0K [0x00000000eb380000, 0x00000000ee880000, 0x0000000100000000)
  eden space 32768K, 0% used [0x00000000eb380000,0x00000000eb380000,0x00000000ed380000)
  from space 2560K, 0% used [0x00000000ed380000,0x00000000ed380000,0x00000000ed600000)
  to   space 2560K, 0% used [0x00000000ee600000,0x00000000ee600000,0x00000000ee880000)
 ParOldGen       total 136192K, used 41544K [0x00000000c1a00000, 0x00000000c9f00000, 0x00000000eb380000)
  object space 136192K, 30% used [0x00000000c1a00000,0x00000000c4292128,0x00000000c9f00000)
 Metaspace       used 10858K, capacity 11014K, committed 11264K, reserved 1058816K
  class space    used 1377K, capacity 1447K, committed 1536K, reserved 1048576K
}
Event: 7.614 GC heap before
{Heap before GC invocations=6 (full 2):
 PSYoungGen      total 35328K, used 31835K [0x00000000eb380000, 0x00000000ee880000, 0x0000000100000000)
  eden space 32768K, 97% used [0x00000000eb380000,0x00000000ed296f90,0x00000000ed380000)
  from space 2560K, 0% used [0x00000000ed380000,0x00000000ed380000,0x00000000ed600000)
  to   space 2560K, 0% used [0x00000000ee600000,0x00000000ee600000,0x00000000ee880000)
 ParOldGen       total 136192K, used 41544K [0x00000000c1a00000, 0x00000000c9f00000, 0x00000000eb380000)
  object space 136192K, 30% used [0x00000000c1a00000,0x00000000c4292128,0x00000000c9f00000)
 Metaspace       used 14414K, capacity 14596K, committed 14976K, reserved 1062912K
  class space    used 1742K, capacity 1804K, committed 1920K, reserved 1048576K
Event: 7.620 GC heap after
Heap after GC invocations=6 (full 2):
 PSYoungGen      total 51712K, used 2532K [0x00000000eb380000, 0x00000000ee900000, 0x0000000100000000)
  eden space 49152K, 0% used [0x00000000eb380000,0x00000000eb380000,0x00000000ee380000)
  from space 2560K, 98% used [0x00000000ee600000,0x00000000ee879360,0x00000000ee880000)
  to   space 2560K, 0% used [0x00000000ee380000,0x00000000ee380000,0x00000000ee600000)
 ParOldGen       total 136192K, used 56233K [0x00000000c1a00000, 0x00000000c9f00000, 0x00000000eb380000)
  object space 136192K, 41% used [0x00000000c1a00000,0x00000000c50ea6d0,0x00000000c9f00000)
 Metaspace       used 14414K, capacity 14596K, committed 14976K, reserved 1062912K
  class space    used 1742K, capacity 1804K, committed 1920K, reserved 1048576K
}
Event: 11.961 GC heap before
{Heap before GC invocations=7 (full 2):
 PSYoungGen      total 51712K, used 50533K [0x00000000eb380000, 0x00000000ee900000, 0x0000000100000000)
  eden space 49152K, 97% used [0x00000000eb380000,0x00000000ee260260,0x00000000ee380000)
  from space 2560K, 98% used [0x00000000ee600000,0x00000000ee879360,0x00000000ee880000)
  to   space 2560K, 0% used [0x00000000ee380000,0x00000000ee380000,0x00000000ee600000)
 ParOldGen       total 136192K, used 56233K [0x00000000c1a00000, 0x00000000c9f00000, 0x00000000eb380000)
  object space 136192K, 41% used [0x00000000c1a00000,0x00000000c50ea6d0,0x00000000c9f00000)
 Metaspace       used 14870K, capacity 15102K, committed 15232K, reserved 1062912K
  class space    used 1744K, capacity 1839K, committed 1920K, reserved 1048576K
Event: 11.978 GC heap after
Heap after GC invocations=7 (full 2):
 PSYoungGen      total 51712K, used 2557K [0x00000000eb380000, 0x00000000f4a00000, 0x0000000100000000)
  eden space 49152K, 0% used [0x00000000eb380000,0x00000000eb380000,0x00000000ee380000)
  from space 2560K, 99% used [0x00000000ee380000,0x00000000ee5ff590,0x00000000ee600000)
  to   space 40448K, 0% used [0x00000000f2280000,0x00000000f2280000,0x00000000f4a00000)
 ParOldGen       total 136192K, used 99444K [0x00000000c1a00000, 0x00000000c9f00000, 0x00000000eb380000)
  object space 136192K, 73% used [0x00000000c1a00000,0x00000000c7b1d3e0,0x00000000c9f00000)
 Metaspace       used 14870K, capacity 15102K, committed 15232K, reserved 1062912K
  class space    used 1744K, capacity 1839K, committed 1920K, reserved 1048576K
}
Event: 11.978 GC heap before
{Heap before GC invocations=8 (full 3):
 PSYoungGen      total 51712K, used 2557K [0x00000000eb380000, 0x00000000f4a00000, 0x0000000100000000)
  eden space 49152K, 0% used [0x00000000eb380000,0x00000000eb380000,0x00000000ee380000)
  from space 2560K, 99% used [0x00000000ee380000,0x00000000ee5ff590,0x00000000ee600000)
  to   space 40448K, 0% used [0x00000000f2280000,0x00000000f2280000,0x00000000f4a00000)
 ParOldGen       total 136192K, used 99444K [0x00000000c1a00000, 0x00000000c9f00000, 0x00000000eb380000)
  object space 136192K, 73% used [0x00000000c1a00000,0x00000000c7b1d3e0,0x00000000c9f00000)
 Metaspace       used 14870K, capacity 15102K, committed 15232K, reserved 1062912K
  class space    used 1744K, capacity 1839K, committed 1920K, reserved 1048576K
Event: 12.064 GC heap after
Heap after GC invocations=8 (full 3):
 PSYoungGen      total 51712K, used 0K [0x00000000eb380000, 0x00000000f4a00000, 0x0000000100000000)
  eden space 49152K, 0% used [0x00000000eb380000,0x00000000eb380000,0x00000000ee380000)
  from space 2560K, 0% used [0x00000000ee380000,0x00000000ee380000,0x00000000ee600000)
  to   space 40448K, 0% used [0x00000000f2280000,0x00000000f2280000,0x00000000f4a00000)
 ParOldGen       total 201728K, used 91844K [0x00000000c1a00000, 0x00000000cdf00000, 0x00000000eb380000)
  object space 201728K, 45% used [0x00000000c1a00000,0x00000000c73b1310,0x00000000cdf00000)
 Metaspace       used 14870K, capacity 15102K, committed 15232K, reserved 1062912K
  class space    used 1744K, capacity 1839K, committed 1920K, reserved 1048576K
}

